<?xml version="1.0" encoding="UTF-8"?>
<testsuite xmlns:xsi="http://www.w3.org/2001/XMLSchema-instance" xsi:noNamespaceSchemaLocation="https://maven.apache.org/surefire/maven-surefire-plugin/xsd/surefire-test-report-3.0.xsd" version="3.0" name="com.mcpserver.BootMcpServerApplicationTests" time="6.061" tests="1" errors="0" skipped="0" failures="0">
  <properties>
    <property name="java.specification.version" value="21"/>
    <property name="sun.cpu.isalist" value="amd64"/>
    <property name="sun.jnu.encoding" value="GBK"/>
    <property name="java.class.path" value="F:\java\java\project-example\boot-mcp-server\target\test-classes;F:\java\java\project-example\boot-mcp-server\target\classes;F:\path\to\local\repo\org\springframework\boot\spring-boot-starter-web\3.4.3\spring-boot-starter-web-3.4.3.jar;F:\path\to\local\repo\org\springframework\boot\spring-boot-starter\3.4.3\spring-boot-starter-3.4.3.jar;F:\path\to\local\repo\org\springframework\boot\spring-boot\3.4.3\spring-boot-3.4.3.jar;F:\path\to\local\repo\org\springframework\boot\spring-boot-starter-logging\3.4.3\spring-boot-starter-logging-3.4.3.jar;F:\path\to\local\repo\ch\qos\logback\logback-classic\1.5.16\logback-classic-1.5.16.jar;F:\path\to\local\repo\ch\qos\logback\logback-core\1.5.16\logback-core-1.5.16.jar;F:\path\to\local\repo\org\apache\logging\log4j\log4j-to-slf4j\2.24.3\log4j-to-slf4j-2.24.3.jar;F:\path\to\local\repo\org\slf4j\jul-to-slf4j\2.0.16\jul-to-slf4j-2.0.16.jar;F:\path\to\local\repo\jakarta\annotation\jakarta.annotation-api\2.1.1\jakarta.annotation-api-2.1.1.jar;F:\path\to\local\repo\org\yaml\snakeyaml\2.3\snakeyaml-2.3.jar;F:\path\to\local\repo\org\springframework\boot\spring-boot-starter-json\3.4.3\spring-boot-starter-json-3.4.3.jar;F:\path\to\local\repo\com\fasterxml\jackson\datatype\jackson-datatype-jdk8\2.18.2\jackson-datatype-jdk8-2.18.2.jar;F:\path\to\local\repo\com\fasterxml\jackson\datatype\jackson-datatype-jsr310\2.18.2\jackson-datatype-jsr310-2.18.2.jar;F:\path\to\local\repo\com\fasterxml\jackson\module\jackson-module-parameter-names\2.18.2\jackson-module-parameter-names-2.18.2.jar;F:\path\to\local\repo\org\springframework\boot\spring-boot-starter-tomcat\3.4.3\spring-boot-starter-tomcat-3.4.3.jar;F:\path\to\local\repo\org\apache\tomcat\embed\tomcat-embed-core\10.1.36\tomcat-embed-core-10.1.36.jar;F:\path\to\local\repo\org\apache\tomcat\embed\tomcat-embed-websocket\10.1.36\tomcat-embed-websocket-10.1.36.jar;F:\path\to\local\repo\org\springframework\spring-web\6.2.3\spring-web-6.2.3.jar;F:\path\to\local\repo\org\springframework\spring-beans\6.2.3\spring-beans-6.2.3.jar;F:\path\to\local\repo\io\micrometer\micrometer-observation\1.14.4\micrometer-observation-1.14.4.jar;F:\path\to\local\repo\io\micrometer\micrometer-commons\1.14.4\micrometer-commons-1.14.4.jar;F:\path\to\local\repo\org\springframework\spring-webmvc\6.2.3\spring-webmvc-6.2.3.jar;F:\path\to\local\repo\org\springframework\spring-aop\6.2.3\spring-aop-6.2.3.jar;F:\path\to\local\repo\org\springframework\spring-context\6.2.3\spring-context-6.2.3.jar;F:\path\to\local\repo\org\springframework\spring-expression\6.2.3\spring-expression-6.2.3.jar;F:\path\to\local\repo\org\projectlombok\lombok\1.18.36\lombok-1.18.36.jar;F:\path\to\local\repo\org\springframework\ai\spring-ai-starter-mcp-server-webmvc\1.0.0\spring-ai-starter-mcp-server-webmvc-1.0.0.jar;F:\path\to\local\repo\org\springframework\ai\spring-ai-autoconfigure-mcp-server\1.0.0\spring-ai-autoconfigure-mcp-server-1.0.0.jar;F:\path\to\local\repo\org\springframework\ai\spring-ai-mcp\1.0.0\spring-ai-mcp-1.0.0.jar;F:\path\to\local\repo\io\modelcontextprotocol\sdk\mcp\0.10.0\mcp-0.10.0.jar;F:\path\to\local\repo\org\springframework\ai\spring-ai-model\1.0.0\spring-ai-model-1.0.0.jar;F:\path\to\local\repo\org\springframework\ai\spring-ai-template-st\1.0.0\spring-ai-template-st-1.0.0.jar;F:\path\to\local\repo\org\antlr\ST4\4.3.4\ST4-4.3.4.jar;F:\path\to\local\repo\org\antlr\antlr-runtime\3.5.3\antlr-runtime-3.5.3.jar;F:\path\to\local\repo\org\springframework\spring-messaging\6.2.3\spring-messaging-6.2.3.jar;F:\path\to\local\repo\org\antlr\antlr4-runtime\4.13.1\antlr4-runtime-4.13.1.jar;F:\path\to\local\repo\com\github\victools\jsonschema-module-jackson\4.37.0\jsonschema-module-jackson-4.37.0.jar;F:\path\to\local\repo\io\modelcontextprotocol\sdk\mcp-spring-webmvc\0.10.0\mcp-spring-webmvc-0.10.0.jar;F:\path\to\local\repo\mysql\mysql-connector-java\8.0.30\mysql-connector-java-8.0.30.jar;F:\path\to\local\repo\com\google\protobuf\protobuf-java\3.19.4\protobuf-java-3.19.4.jar;F:\path\to\local\repo\org\mybatis\spring\boot\mybatis-spring-boot-starter\3.0.3\mybatis-spring-boot-starter-3.0.3.jar;F:\path\to\local\repo\org\springframework\boot\spring-boot-starter-jdbc\3.4.3\spring-boot-starter-jdbc-3.4.3.jar;F:\path\to\local\repo\com\zaxxer\HikariCP\5.1.0\HikariCP-5.1.0.jar;F:\path\to\local\repo\org\springframework\spring-jdbc\6.2.3\spring-jdbc-6.2.3.jar;F:\path\to\local\repo\org\springframework\spring-tx\6.2.3\spring-tx-6.2.3.jar;F:\path\to\local\repo\org\mybatis\spring\boot\mybatis-spring-boot-autoconfigure\3.0.3\mybatis-spring-boot-autoconfigure-3.0.3.jar;F:\path\to\local\repo\org\mybatis\mybatis\3.5.14\mybatis-3.5.14.jar;F:\path\to\local\repo\org\mybatis\mybatis-spring\3.0.3\mybatis-spring-3.0.3.jar;F:\path\to\local\repo\org\springframework\boot\spring-boot-starter-test\3.4.3\spring-boot-starter-test-3.4.3.jar;F:\path\to\local\repo\org\springframework\boot\spring-boot-test\3.4.3\spring-boot-test-3.4.3.jar;F:\path\to\local\repo\org\springframework\boot\spring-boot-test-autoconfigure\3.4.3\spring-boot-test-autoconfigure-3.4.3.jar;F:\path\to\local\repo\com\jayway\jsonpath\json-path\2.9.0\json-path-2.9.0.jar;F:\path\to\local\repo\jakarta\xml\bind\jakarta.xml.bind-api\4.0.2\jakarta.xml.bind-api-4.0.2.jar;F:\path\to\local\repo\jakarta\activation\jakarta.activation-api\2.1.3\jakarta.activation-api-2.1.3.jar;F:\path\to\local\repo\net\minidev\json-smart\2.5.2\json-smart-2.5.2.jar;F:\path\to\local\repo\net\minidev\accessors-smart\2.5.2\accessors-smart-2.5.2.jar;F:\path\to\local\repo\org\assertj\assertj-core\3.26.3\assertj-core-3.26.3.jar;F:\path\to\local\repo\net\bytebuddy\byte-buddy\1.15.11\byte-buddy-1.15.11.jar;F:\path\to\local\repo\org\awaitility\awaitility\4.2.2\awaitility-4.2.2.jar;F:\path\to\local\repo\org\hamcrest\hamcrest\2.2\hamcrest-2.2.jar;F:\path\to\local\repo\org\junit\jupiter\junit-jupiter\5.11.4\junit-jupiter-5.11.4.jar;F:\path\to\local\repo\org\junit\jupiter\junit-jupiter-api\5.11.4\junit-jupiter-api-5.11.4.jar;F:\path\to\local\repo\org\opentest4j\opentest4j\1.3.0\opentest4j-1.3.0.jar;F:\path\to\local\repo\org\junit\platform\junit-platform-commons\1.11.4\junit-platform-commons-1.11.4.jar;F:\path\to\local\repo\org\apiguardian\apiguardian-api\1.1.2\apiguardian-api-1.1.2.jar;F:\path\to\local\repo\org\junit\jupiter\junit-jupiter-params\5.11.4\junit-jupiter-params-5.11.4.jar;F:\path\to\local\repo\org\junit\jupiter\junit-jupiter-engine\5.11.4\junit-jupiter-engine-5.11.4.jar;F:\path\to\local\repo\org\junit\platform\junit-platform-engine\1.11.4\junit-platform-engine-1.11.4.jar;F:\path\to\local\repo\org\mockito\mockito-core\5.14.2\mockito-core-5.14.2.jar;F:\path\to\local\repo\net\bytebuddy\byte-buddy-agent\1.15.11\byte-buddy-agent-1.15.11.jar;F:\path\to\local\repo\org\objenesis\objenesis\3.3\objenesis-3.3.jar;F:\path\to\local\repo\org\mockito\mockito-junit-jupiter\5.14.2\mockito-junit-jupiter-5.14.2.jar;F:\path\to\local\repo\org\skyscreamer\jsonassert\1.5.3\jsonassert-1.5.3.jar;F:\path\to\local\repo\com\vaadin\external\google\android-json\0.0.20131108.vaadin1\android-json-0.0.20131108.vaadin1.jar;F:\path\to\local\repo\org\springframework\spring-core\6.2.3\spring-core-6.2.3.jar;F:\path\to\local\repo\org\springframework\spring-jcl\6.2.3\spring-jcl-6.2.3.jar;F:\path\to\local\repo\org\springframework\spring-test\6.2.3\spring-test-6.2.3.jar;F:\path\to\local\repo\org\xmlunit\xmlunit-core\2.10.0\xmlunit-core-2.10.0.jar;F:\path\to\local\repo\org\springframework\ai\spring-ai-starter-vector-store-redis\1.0.0\spring-ai-starter-vector-store-redis-1.0.0.jar;F:\path\to\local\repo\org\springframework\ai\spring-ai-autoconfigure-vector-store-redis\1.0.0\spring-ai-autoconfigure-vector-store-redis-1.0.0.jar;F:\path\to\local\repo\org\springframework\ai\spring-ai-autoconfigure-vector-store-observation\1.0.0\spring-ai-autoconfigure-vector-store-observation-1.0.0.jar;F:\path\to\local\repo\org\springframework\ai\spring-ai-redis-store\1.0.0\spring-ai-redis-store-1.0.0.jar;F:\path\to\local\repo\org\springframework\data\spring-data-redis\3.4.3\spring-data-redis-3.4.3.jar;F:\path\to\local\repo\org\springframework\data\spring-data-keyvalue\3.4.3\spring-data-keyvalue-3.4.3.jar;F:\path\to\local\repo\org\springframework\data\spring-data-commons\3.4.3\spring-data-commons-3.4.3.jar;F:\path\to\local\repo\org\springframework\spring-oxm\6.2.3\spring-oxm-6.2.3.jar;F:\path\to\local\repo\org\springframework\spring-context-support\6.2.3\spring-context-support-6.2.3.jar;F:\path\to\local\repo\redis\clients\jedis\5.2.0\jedis-5.2.0.jar;F:\path\to\local\repo\org\slf4j\slf4j-api\2.0.16\slf4j-api-2.0.16.jar;F:\path\to\local\repo\org\apache\commons\commons-pool2\2.12.1\commons-pool2-2.12.1.jar;F:\path\to\local\repo\org\json\json\20240303\json-20240303.jar;F:\path\to\local\repo\com\google\code\gson\gson\2.11.0\gson-2.11.0.jar;F:\path\to\local\repo\com\google\errorprone\error_prone_annotations\2.27.0\error_prone_annotations-2.27.0.jar;F:\path\to\local\repo\org\springframework\ai\spring-ai-advisors-vector-store\1.0.0\spring-ai-advisors-vector-store-1.0.0.jar;F:\path\to\local\repo\org\springframework\ai\spring-ai-client-chat\1.0.0\spring-ai-client-chat-1.0.0.jar;F:\path\to\local\repo\com\fasterxml\jackson\module\jackson-module-jsonSchema\2.18.2\jackson-module-jsonSchema-2.18.2.jar;F:\path\to\local\repo\javax\validation\validation-api\1.1.0.Final\validation-api-1.1.0.Final.jar;F:\path\to\local\repo\io\swagger\core\v3\swagger-annotations\2.2.25\swagger-annotations-2.2.25.jar;F:\path\to\local\repo\com\github\victools\jsonschema-module-swagger-2\4.37.0\jsonschema-module-swagger-2-4.37.0.jar;F:\path\to\local\repo\io\projectreactor\reactor-core\3.7.3\reactor-core-3.7.3.jar;F:\path\to\local\repo\org\reactivestreams\reactive-streams\1.0.4\reactive-streams-1.0.4.jar;F:\path\to\local\repo\com\knuddels\jtokkit\1.1.0\jtokkit-1.1.0.jar;F:\path\to\local\repo\com\github\victools\jsonschema-generator\4.37.0\jsonschema-generator-4.37.0.jar;F:\path\to\local\repo\org\springframework\ai\spring-ai-vector-store\1.0.0\spring-ai-vector-store-1.0.0.jar;F:\path\to\local\repo\org\springframework\ai\spring-ai-tika-document-reader\1.0.0\spring-ai-tika-document-reader-1.0.0.jar;F:\path\to\local\repo\org\springframework\ai\spring-ai-commons\1.0.0\spring-ai-commons-1.0.0.jar;F:\path\to\local\repo\io\micrometer\micrometer-core\1.14.4\micrometer-core-1.14.4.jar;F:\path\to\local\repo\org\hdrhistogram\HdrHistogram\2.2.2\HdrHistogram-2.2.2.jar;F:\path\to\local\repo\org\latencyutils\LatencyUtils\2.0.3\LatencyUtils-2.0.3.jar;F:\path\to\local\repo\io\micrometer\context-propagation\1.1.2\context-propagation-1.1.2.jar;F:\path\to\local\repo\org\springframework\boot\spring-boot-starter-validation\3.4.3\spring-boot-starter-validation-3.4.3.jar;F:\path\to\local\repo\org\apache\tomcat\embed\tomcat-embed-el\10.1.36\tomcat-embed-el-10.1.36.jar;F:\path\to\local\repo\org\hibernate\validator\hibernate-validator\8.0.2.Final\hibernate-validator-8.0.2.Final.jar;F:\path\to\local\repo\jakarta\validation\jakarta.validation-api\3.0.2\jakarta.validation-api-3.0.2.jar;F:\path\to\local\repo\org\jboss\logging\jboss-logging\3.6.1.Final\jboss-logging-3.6.1.Final.jar;F:\path\to\local\repo\com\fasterxml\classmate\1.7.0\classmate-1.7.0.jar;F:\path\to\local\repo\com\fasterxml\jackson\core\jackson-databind\2.18.2\jackson-databind-2.18.2.jar;F:\path\to\local\repo\com\fasterxml\jackson\core\jackson-annotations\2.18.2\jackson-annotations-2.18.2.jar;F:\path\to\local\repo\com\fasterxml\jackson\core\jackson-core\2.18.2\jackson-core-2.18.2.jar;F:\path\to\local\repo\com\alibaba\fastjson2\fastjson2\2.0.43\fastjson2-2.0.43.jar;F:\path\to\local\repo\org\apache\tika\tika-core\2.9.2\tika-core-2.9.2.jar;F:\path\to\local\repo\commons-io\commons-io\2.15.1\commons-io-2.15.1.jar;F:\path\to\local\repo\org\apache\tika\tika-parsers-standard-package\2.9.2\tika-parsers-standard-package-2.9.2.jar;F:\path\to\local\repo\org\apache\tika\tika-parser-apple-module\2.9.2\tika-parser-apple-module-2.9.2.jar;F:\path\to\local\repo\org\apache\tika\tika-parser-zip-commons\2.9.2\tika-parser-zip-commons-2.9.2.jar;F:\path\to\local\repo\com\googlecode\plist\dd-plist\1.28\dd-plist-1.28.jar;F:\path\to\local\repo\org\apache\tika\tika-parser-audiovideo-module\2.9.2\tika-parser-audiovideo-module-2.9.2.jar;F:\path\to\local\repo\com\drewnoakes\metadata-extractor\2.19.0\metadata-extractor-2.19.0.jar;F:\path\to\local\repo\com\adobe\xmp\xmpcore\6.1.11\xmpcore-6.1.11.jar;F:\path\to\local\repo\org\apache\tika\tika-parser-cad-module\2.9.2\tika-parser-cad-module-2.9.2.jar;F:\path\to\local\repo\org\apache\tika\tika-parser-code-module\2.9.2\tika-parser-code-module-2.9.2.jar;F:\path\to\local\repo\org\codelibs\jhighlight\1.1.0\jhighlight-1.1.0.jar;F:\path\to\local\repo\org\ccil\cowan\tagsoup\tagsoup\1.2.1\tagsoup-1.2.1.jar;F:\path\to\local\repo\org\ow2\asm\asm\9.7\asm-9.7.jar;F:\path\to\local\repo\com\epam\parso\2.0.14\parso-2.0.14.jar;F:\path\to\local\repo\org\tallison\jmatio\1.5\jmatio-1.5.jar;F:\path\to\local\repo\org\apache\tika\tika-parser-crypto-module\2.9.2\tika-parser-crypto-module-2.9.2.jar;F:\path\to\local\repo\org\bouncycastle\bcmail-jdk18on\1.77\bcmail-jdk18on-1.77.jar;F:\path\to\local\repo\org\bouncycastle\bcutil-jdk18on\1.77\bcutil-jdk18on-1.77.jar;F:\path\to\local\repo\org\bouncycastle\bcpkix-jdk18on\1.77\bcpkix-jdk18on-1.77.jar;F:\path\to\local\repo\org\bouncycastle\bcprov-jdk18on\1.77\bcprov-jdk18on-1.77.jar;F:\path\to\local\repo\org\apache\tika\tika-parser-digest-commons\2.9.2\tika-parser-digest-commons-2.9.2.jar;F:\path\to\local\repo\commons-codec\commons-codec\1.17.2\commons-codec-1.17.2.jar;F:\path\to\local\repo\org\apache\tika\tika-parser-font-module\2.9.2\tika-parser-font-module-2.9.2.jar;F:\path\to\local\repo\org\apache\pdfbox\fontbox\2.0.31\fontbox-2.0.31.jar;F:\path\to\local\repo\org\apache\tika\tika-parser-html-module\2.9.2\tika-parser-html-module-2.9.2.jar;F:\path\to\local\repo\org\apache\tika\tika-parser-image-module\2.9.2\tika-parser-image-module-2.9.2.jar;F:\path\to\local\repo\com\github\jai-imageio\jai-imageio-core\1.4.0\jai-imageio-core-1.4.0.jar;F:\path\to\local\repo\org\apache\pdfbox\jbig2-imageio\3.0.4\jbig2-imageio-3.0.4.jar;F:\path\to\local\repo\org\apache\tika\tika-parser-mail-module\2.9.2\tika-parser-mail-module-2.9.2.jar;F:\path\to\local\repo\org\apache\tika\tika-parser-mail-commons\2.9.2\tika-parser-mail-commons-2.9.2.jar;F:\path\to\local\repo\org\apache\james\apache-mime4j-core\0.8.11\apache-mime4j-core-0.8.11.jar;F:\path\to\local\repo\org\apache\james\apache-mime4j-dom\0.8.11\apache-mime4j-dom-0.8.11.jar;F:\path\to\local\repo\org\apache\tika\tika-parser-microsoft-module\2.9.2\tika-parser-microsoft-module-2.9.2.jar;F:\path\to\local\repo\com\pff\java-libpst\0.9.3\java-libpst-0.9.3.jar;F:\path\to\local\repo\org\apache\commons\commons-lang3\3.17.0\commons-lang3-3.17.0.jar;F:\path\to\local\repo\org\apache\poi\poi\5.2.5\poi-5.2.5.jar;F:\path\to\local\repo\org\apache\commons\commons-math3\3.6.1\commons-math3-3.6.1.jar;F:\path\to\local\repo\com\zaxxer\SparseBitSet\1.3\SparseBitSet-1.3.jar;F:\path\to\local\repo\org\apache\logging\log4j\log4j-api\2.24.3\log4j-api-2.24.3.jar;F:\path\to\local\repo\org\apache\poi\poi-scratchpad\5.2.5\poi-scratchpad-5.2.5.jar;F:\path\to\local\repo\org\apache\poi\poi-ooxml\5.2.5\poi-ooxml-5.2.5.jar;F:\path\to\local\repo\org\apache\poi\poi-ooxml-lite\5.2.5\poi-ooxml-lite-5.2.5.jar;F:\path\to\local\repo\org\apache\xmlbeans\xmlbeans\5.2.0\xmlbeans-5.2.0.jar;F:\path\to\local\repo\com\github\virtuald\curvesapi\1.08\curvesapi-1.08.jar;F:\path\to\local\repo\commons-logging\commons-logging\1.3.1\commons-logging-1.3.1.jar;F:\path\to\local\repo\com\healthmarketscience\jackcess\jackcess\4.0.5\jackcess-4.0.5.jar;F:\path\to\local\repo\com\healthmarketscience\jackcess\jackcess-encrypt\4.0.2\jackcess-encrypt-4.0.2.jar;F:\path\to\local\repo\org\slf4j\jcl-over-slf4j\2.0.16\jcl-over-slf4j-2.0.16.jar;F:\path\to\local\repo\org\apache\tika\tika-parser-miscoffice-module\2.9.2\tika-parser-miscoffice-module-2.9.2.jar;F:\path\to\local\repo\org\apache\commons\commons-collections4\4.4\commons-collections4-4.4.jar;F:\path\to\local\repo\org\glassfish\jaxb\jaxb-runtime\4.0.5\jaxb-runtime-4.0.5.jar;F:\path\to\local\repo\org\glassfish\jaxb\jaxb-core\4.0.5\jaxb-core-4.0.5.jar;F:\path\to\local\repo\org\eclipse\angus\angus-activation\2.0.2\angus-activation-2.0.2.jar;F:\path\to\local\repo\org\glassfish\jaxb\txw2\4.0.5\txw2-4.0.5.jar;F:\path\to\local\repo\com\sun\istack\istack-commons-runtime\4.1.2\istack-commons-runtime-4.1.2.jar;F:\path\to\local\repo\org\apache\tika\tika-parser-news-module\2.9.2\tika-parser-news-module-2.9.2.jar;F:\path\to\local\repo\com\rometools\rome\2.1.0\rome-2.1.0.jar;F:\path\to\local\repo\com\rometools\rome-utils\2.1.0\rome-utils-2.1.0.jar;F:\path\to\local\repo\org\jdom\jdom2\2.0.6.1\jdom2-2.0.6.1.jar;F:\path\to\local\repo\org\apache\tika\tika-parser-ocr-module\2.9.2\tika-parser-ocr-module-2.9.2.jar;F:\path\to\local\repo\org\apache\commons\commons-exec\1.4.0\commons-exec-1.4.0.jar;F:\path\to\local\repo\org\apache\tika\tika-parser-pdf-module\2.9.2\tika-parser-pdf-module-2.9.2.jar;F:\path\to\local\repo\org\apache\pdfbox\pdfbox\2.0.31\pdfbox-2.0.31.jar;F:\path\to\local\repo\org\apache\pdfbox\pdfbox-tools\2.0.31\pdfbox-tools-2.0.31.jar;F:\path\to\local\repo\org\apache\pdfbox\jempbox\1.8.17\jempbox-1.8.17.jar;F:\path\to\local\repo\org\apache\tika\tika-parser-pkg-module\2.9.2\tika-parser-pkg-module-2.9.2.jar;F:\path\to\local\repo\org\tukaani\xz\1.9\xz-1.9.jar;F:\path\to\local\repo\org\brotli\dec\0.1.2\dec-0.1.2.jar;F:\path\to\local\repo\com\github\junrar\junrar\7.5.5\junrar-7.5.5.jar;F:\path\to\local\repo\org\apache\tika\tika-parser-text-module\2.9.2\tika-parser-text-module-2.9.2.jar;F:\path\to\local\repo\com\github\albfernandez\juniversalchardet\2.4.0\juniversalchardet-2.4.0.jar;F:\path\to\local\repo\org\apache\commons\commons-csv\1.10.0\commons-csv-1.10.0.jar;F:\path\to\local\repo\org\apache\tika\tika-parser-webarchive-module\2.9.2\tika-parser-webarchive-module-2.9.2.jar;F:\path\to\local\repo\org\netpreserve\jwarc\0.29.0\jwarc-0.29.0.jar;F:\path\to\local\repo\org\apache\commons\commons-compress\1.26.1\commons-compress-1.26.1.jar;F:\path\to\local\repo\org\apache\tika\tika-parser-xml-module\2.9.2\tika-parser-xml-module-2.9.2.jar;F:\path\to\local\repo\xerces\xercesImpl\2.12.2\xercesImpl-2.12.2.jar;F:\path\to\local\repo\xml-apis\xml-apis\1.4.01\xml-apis-1.4.01.jar;F:\path\to\local\repo\org\apache\tika\tika-parser-xmp-commons\2.9.2\tika-parser-xmp-commons-2.9.2.jar;F:\path\to\local\repo\org\apache\pdfbox\xmpbox\2.0.31\xmpbox-2.0.31.jar;F:\path\to\local\repo\org\gagravarr\vorbis-java-tika\0.8\vorbis-java-tika-0.8.jar;F:\path\to\local\repo\org\gagravarr\vorbis-java-core\0.8\vorbis-java-core-0.8.jar;F:\path\to\local\repo\com\alibaba\cloud\ai\spring-ai-alibaba-starter-dashscope\1.0.0.1\spring-ai-alibaba-starter-dashscope-1.0.0.1.jar;F:\path\to\local\repo\com\alibaba\cloud\ai\spring-ai-alibaba-autoconfigure-dashscope\1.0.0.1\spring-ai-alibaba-autoconfigure-dashscope-1.0.0.1.jar;F:\path\to\local\repo\com\alibaba\cloud\ai\spring-ai-alibaba-core\1.0.0.1\spring-ai-alibaba-core-1.0.0.1.jar;F:\path\to\local\repo\org\springframework\ai\spring-ai-rag\1.0.0\spring-ai-rag-1.0.0.jar;F:\path\to\local\repo\org\springframework\ai\spring-ai-retry\1.0.0\spring-ai-retry-1.0.0.jar;F:\path\to\local\repo\org\springframework\retry\spring-retry\2.0.11\spring-retry-2.0.11.jar;F:\path\to\local\repo\org\springframework\spring-webflux\6.2.3\spring-webflux-6.2.3.jar;F:\path\to\local\repo\com\alibaba\nacos\nacos-client-mse-extension\1.0.4\nacos-client-mse-extension-1.0.4.jar;F:\path\to\local\repo\com\aliyun\aliyun-java-sdk-core\4.5.17\aliyun-java-sdk-core-4.5.17.jar;F:\path\to\local\repo\org\apache\httpcomponents\httpclient\4.5.13\httpclient-4.5.13.jar;F:\path\to\local\repo\org\apache\httpcomponents\httpcore\4.4.16\httpcore-4.4.16.jar;F:\path\to\local\repo\javax\xml\bind\jaxb-api\2.3.1\jaxb-api-2.3.1.jar;F:\path\to\local\repo\javax\activation\javax.activation-api\1.2.0\javax.activation-api-1.2.0.jar;F:\path\to\local\repo\org\jacoco\org.jacoco.agent\0.8.6\org.jacoco.agent-0.8.6-runtime.jar;F:\path\to\local\repo\org\ini4j\ini4j\0.5.4\ini4j-0.5.4.jar;F:\path\to\local\repo\io\opentracing\opentracing-api\0.33.0\opentracing-api-0.33.0.jar;F:\path\to\local\repo\io\opentracing\opentracing-util\0.33.0\opentracing-util-0.33.0.jar;F:\path\to\local\repo\io\opentracing\opentracing-noop\0.33.0\opentracing-noop-0.33.0.jar;F:\path\to\local\repo\com\aliyun\aliyun-java-sdk-kms\2.16.3\aliyun-java-sdk-kms-2.16.3.jar;F:\path\to\local\repo\com\aliyun\kms\kms-transfer-client\0.1.0\kms-transfer-client-0.1.0.jar;F:\path\to\local\repo\com\aliyun\alibabacloud-dkms-gcs-sdk\0.2.8\alibabacloud-dkms-gcs-sdk-0.2.8.jar;F:\path\to\local\repo\com\aliyun\tea-util\0.2.7\tea-util-0.2.7.jar;F:\path\to\local\repo\com\aliyun\tea\1.2.3\tea-1.2.3.jar;F:\path\to\local\repo\com\aliyun\alibabacloud-dkms-gcs-openapi-util\0.2.8\alibabacloud-dkms-gcs-openapi-util-0.2.8.jar;F:\path\to\local\repo\com\aliyun\alibabacloud-dkms-gcs-openapi-credential\0.2.8\alibabacloud-dkms-gcs-openapi-credential-0.2.8.jar;F:\path\to\local\repo\com\aliyun\alibabacloud-dkms-gcs-openapi\0.2.8\alibabacloud-dkms-gcs-openapi-0.2.8.jar;F:\path\to\local\repo\com\google\protobuf\protobuf-java-util\4.0.0-rc-2\protobuf-java-util-4.0.0-rc-2.jar;F:\path\to\local\repo\com\google\guava\guava\29.0-android\guava-29.0-android.jar;F:\path\to\local\repo\com\google\guava\failureaccess\1.0.1\failureaccess-1.0.1.jar;F:\path\to\local\repo\com\google\guava\listenablefuture\9999.0-empty-to-avoid-conflict-with-guava\listenablefuture-9999.0-empty-to-avoid-conflict-with-guava.jar;F:\path\to\local\repo\com\google\code\findbugs\jsr305\3.0.2\jsr305-3.0.2.jar;F:\path\to\local\repo\org\checkerframework\checker-compat-qual\2.5.5\checker-compat-qual-2.5.5.jar;F:\path\to\local\repo\com\google\j2objc\j2objc-annotations\1.3\j2objc-annotations-1.3.jar;F:\path\to\local\repo\org\bouncycastle\bcprov-jdk15on\1.70\bcprov-jdk15on-1.70.jar;F:\path\to\local\repo\com\alibaba\cloud\spring-alibaba-nacos-config\2023.0.1.3\spring-alibaba-nacos-config-2023.0.1.3.jar;F:\path\to\local\repo\com\alibaba\nacos\nacos-client\2.4.2\nacos-client-2.4.2.jar;F:\path\to\local\repo\com\alibaba\nacos\nacos-auth-plugin\2.4.2\nacos-auth-plugin-2.4.2.jar;F:\path\to\local\repo\com\alibaba\nacos\nacos-encryption-plugin\2.4.2\nacos-encryption-plugin-2.4.2.jar;F:\path\to\local\repo\com\alibaba\nacos\nacos-logback-adapter-12\2.4.2\nacos-logback-adapter-12-2.4.2.jar;F:\path\to\local\repo\com\alibaba\nacos\logback-adapter\1.1.3\logback-adapter-1.1.3.jar;F:\path\to\local\repo\com\alibaba\nacos\nacos-log4j2-adapter\2.4.2\nacos-log4j2-adapter-2.4.2.jar;F:\path\to\local\repo\org\apache\httpcomponents\httpasyncclient\4.1.5\httpasyncclient-4.1.5.jar;F:\path\to\local\repo\org\apache\httpcomponents\httpcore-nio\4.4.16\httpcore-nio-4.4.16.jar;F:\path\to\local\repo\io\prometheus\simpleclient\0.16.0\simpleclient-0.16.0.jar;F:\path\to\local\repo\io\prometheus\simpleclient_tracer_otel\0.16.0\simpleclient_tracer_otel-0.16.0.jar;F:\path\to\local\repo\io\prometheus\simpleclient_tracer_common\0.16.0\simpleclient_tracer_common-0.16.0.jar;F:\path\to\local\repo\io\prometheus\simpleclient_tracer_otel_agent\0.16.0\simpleclient_tracer_otel_agent-0.16.0.jar;F:\path\to\local\repo\com\squareup\okhttp3\okhttp\4.12.0\okhttp-4.12.0.jar;F:\path\to\local\repo\com\squareup\okio\okio\3.6.0\okio-3.6.0.jar;F:\path\to\local\repo\com\squareup\okio\okio-jvm\3.6.0\okio-jvm-3.6.0.jar;F:\path\to\local\repo\org\jetbrains\kotlin\kotlin-stdlib-common\1.9.25\kotlin-stdlib-common-1.9.25.jar;F:\path\to\local\repo\org\jetbrains\kotlin\kotlin-stdlib-jdk8\1.9.25\kotlin-stdlib-jdk8-1.9.25.jar;F:\path\to\local\repo\org\jetbrains\kotlin\kotlin-stdlib\1.9.25\kotlin-stdlib-1.9.25.jar;F:\path\to\local\repo\org\jetbrains\annotations\13.0\annotations-13.0.jar;F:\path\to\local\repo\org\jetbrains\kotlin\kotlin-stdlib-jdk7\1.9.25\kotlin-stdlib-jdk7-1.9.25.jar;F:\path\to\local\repo\com\squareup\okhttp3\logging-interceptor\4.12.0\logging-interceptor-4.12.0.jar;F:\path\to\local\repo\org\apache\opennlp\opennlp-tools\2.3.3\opennlp-tools-2.3.3.jar;F:\path\to\local\repo\org\springframework\ai\spring-ai-autoconfigure-retry\1.0.0\spring-ai-autoconfigure-retry-1.0.0.jar;F:\path\to\local\repo\org\springframework\ai\spring-ai-autoconfigure-model-tool\1.0.0\spring-ai-autoconfigure-model-tool-1.0.0.jar;F:\path\to\local\repo\org\springframework\ai\spring-ai-autoconfigure-model-chat-client\1.0.0\spring-ai-autoconfigure-model-chat-client-1.0.0.jar;F:\path\to\local\repo\com\baomidou\mybatis-plus-spring-boot3-starter\3.5.5\mybatis-plus-spring-boot3-starter-3.5.5.jar;F:\path\to\local\repo\com\baomidou\mybatis-plus\3.5.5\mybatis-plus-3.5.5.jar;F:\path\to\local\repo\com\baomidou\mybatis-plus-core\3.5.5\mybatis-plus-core-3.5.5.jar;F:\path\to\local\repo\com\baomidou\mybatis-plus-annotation\3.5.5\mybatis-plus-annotation-3.5.5.jar;F:\path\to\local\repo\com\baomidou\mybatis-plus-extension\3.5.5\mybatis-plus-extension-3.5.5.jar;F:\path\to\local\repo\com\github\jsqlparser\jsqlparser\4.6\jsqlparser-4.6.jar;F:\path\to\local\repo\com\baomidou\mybatis-plus-spring-boot-autoconfigure\3.5.5\mybatis-plus-spring-boot-autoconfigure-3.5.5.jar;F:\path\to\local\repo\org\springframework\boot\spring-boot-autoconfigure\3.4.3\spring-boot-autoconfigure-3.4.3.jar;"/>
    <property name="java.vm.vendor" value="Oracle Corporation"/>
    <property name="sun.arch.data.model" value="64"/>
    <property name="user.variant" value=""/>
    <property name="java.vendor.url" value="https://java.oracle.com/"/>
    <property name="user.timezone" value="Asia/Shanghai"/>
    <property name="org.jboss.logging.provider" value="slf4j"/>
    <property name="os.name" value="Windows 11"/>
    <property name="java.vm.specification.version" value="21"/>
    <property name="APPLICATION_NAME" value="knowledge-base"/>
    <property name="sun.java.launcher" value="SUN_STANDARD"/>
    <property name="user.country" value="CN"/>
    <property name="sun.boot.library.path" value="C:\Program Files\Java\jdk-21\bin"/>
    <property name="sun.java.command" value="C:\Users\woixu\AppData\Local\Temp\surefire4988332932550981864\surefirebooter-20250702151750465_3.jar C:\Users\woixu\AppData\Local\Temp\surefire4988332932550981864 2025-07-02T15-17-50_345-jvmRun1 surefire-20250702151750465_1tmp surefire_0-20250702151750465_2tmp"/>
    <property name="jdk.debug" value="release"/>
    <property name="surefire.test.class.path" value="F:\java\java\project-example\boot-mcp-server\target\test-classes;F:\java\java\project-example\boot-mcp-server\target\classes;F:\path\to\local\repo\org\springframework\boot\spring-boot-starter-web\3.4.3\spring-boot-starter-web-3.4.3.jar;F:\path\to\local\repo\org\springframework\boot\spring-boot-starter\3.4.3\spring-boot-starter-3.4.3.jar;F:\path\to\local\repo\org\springframework\boot\spring-boot\3.4.3\spring-boot-3.4.3.jar;F:\path\to\local\repo\org\springframework\boot\spring-boot-starter-logging\3.4.3\spring-boot-starter-logging-3.4.3.jar;F:\path\to\local\repo\ch\qos\logback\logback-classic\1.5.16\logback-classic-1.5.16.jar;F:\path\to\local\repo\ch\qos\logback\logback-core\1.5.16\logback-core-1.5.16.jar;F:\path\to\local\repo\org\apache\logging\log4j\log4j-to-slf4j\2.24.3\log4j-to-slf4j-2.24.3.jar;F:\path\to\local\repo\org\slf4j\jul-to-slf4j\2.0.16\jul-to-slf4j-2.0.16.jar;F:\path\to\local\repo\jakarta\annotation\jakarta.annotation-api\2.1.1\jakarta.annotation-api-2.1.1.jar;F:\path\to\local\repo\org\yaml\snakeyaml\2.3\snakeyaml-2.3.jar;F:\path\to\local\repo\org\springframework\boot\spring-boot-starter-json\3.4.3\spring-boot-starter-json-3.4.3.jar;F:\path\to\local\repo\com\fasterxml\jackson\datatype\jackson-datatype-jdk8\2.18.2\jackson-datatype-jdk8-2.18.2.jar;F:\path\to\local\repo\com\fasterxml\jackson\datatype\jackson-datatype-jsr310\2.18.2\jackson-datatype-jsr310-2.18.2.jar;F:\path\to\local\repo\com\fasterxml\jackson\module\jackson-module-parameter-names\2.18.2\jackson-module-parameter-names-2.18.2.jar;F:\path\to\local\repo\org\springframework\boot\spring-boot-starter-tomcat\3.4.3\spring-boot-starter-tomcat-3.4.3.jar;F:\path\to\local\repo\org\apache\tomcat\embed\tomcat-embed-core\10.1.36\tomcat-embed-core-10.1.36.jar;F:\path\to\local\repo\org\apache\tomcat\embed\tomcat-embed-websocket\10.1.36\tomcat-embed-websocket-10.1.36.jar;F:\path\to\local\repo\org\springframework\spring-web\6.2.3\spring-web-6.2.3.jar;F:\path\to\local\repo\org\springframework\spring-beans\6.2.3\spring-beans-6.2.3.jar;F:\path\to\local\repo\io\micrometer\micrometer-observation\1.14.4\micrometer-observation-1.14.4.jar;F:\path\to\local\repo\io\micrometer\micrometer-commons\1.14.4\micrometer-commons-1.14.4.jar;F:\path\to\local\repo\org\springframework\spring-webmvc\6.2.3\spring-webmvc-6.2.3.jar;F:\path\to\local\repo\org\springframework\spring-aop\6.2.3\spring-aop-6.2.3.jar;F:\path\to\local\repo\org\springframework\spring-context\6.2.3\spring-context-6.2.3.jar;F:\path\to\local\repo\org\springframework\spring-expression\6.2.3\spring-expression-6.2.3.jar;F:\path\to\local\repo\org\projectlombok\lombok\1.18.36\lombok-1.18.36.jar;F:\path\to\local\repo\org\springframework\ai\spring-ai-starter-mcp-server-webmvc\1.0.0\spring-ai-starter-mcp-server-webmvc-1.0.0.jar;F:\path\to\local\repo\org\springframework\ai\spring-ai-autoconfigure-mcp-server\1.0.0\spring-ai-autoconfigure-mcp-server-1.0.0.jar;F:\path\to\local\repo\org\springframework\ai\spring-ai-mcp\1.0.0\spring-ai-mcp-1.0.0.jar;F:\path\to\local\repo\io\modelcontextprotocol\sdk\mcp\0.10.0\mcp-0.10.0.jar;F:\path\to\local\repo\org\springframework\ai\spring-ai-model\1.0.0\spring-ai-model-1.0.0.jar;F:\path\to\local\repo\org\springframework\ai\spring-ai-template-st\1.0.0\spring-ai-template-st-1.0.0.jar;F:\path\to\local\repo\org\antlr\ST4\4.3.4\ST4-4.3.4.jar;F:\path\to\local\repo\org\antlr\antlr-runtime\3.5.3\antlr-runtime-3.5.3.jar;F:\path\to\local\repo\org\springframework\spring-messaging\6.2.3\spring-messaging-6.2.3.jar;F:\path\to\local\repo\org\antlr\antlr4-runtime\4.13.1\antlr4-runtime-4.13.1.jar;F:\path\to\local\repo\com\github\victools\jsonschema-module-jackson\4.37.0\jsonschema-module-jackson-4.37.0.jar;F:\path\to\local\repo\io\modelcontextprotocol\sdk\mcp-spring-webmvc\0.10.0\mcp-spring-webmvc-0.10.0.jar;F:\path\to\local\repo\mysql\mysql-connector-java\8.0.30\mysql-connector-java-8.0.30.jar;F:\path\to\local\repo\com\google\protobuf\protobuf-java\3.19.4\protobuf-java-3.19.4.jar;F:\path\to\local\repo\org\mybatis\spring\boot\mybatis-spring-boot-starter\3.0.3\mybatis-spring-boot-starter-3.0.3.jar;F:\path\to\local\repo\org\springframework\boot\spring-boot-starter-jdbc\3.4.3\spring-boot-starter-jdbc-3.4.3.jar;F:\path\to\local\repo\com\zaxxer\HikariCP\5.1.0\HikariCP-5.1.0.jar;F:\path\to\local\repo\org\springframework\spring-jdbc\6.2.3\spring-jdbc-6.2.3.jar;F:\path\to\local\repo\org\springframework\spring-tx\6.2.3\spring-tx-6.2.3.jar;F:\path\to\local\repo\org\mybatis\spring\boot\mybatis-spring-boot-autoconfigure\3.0.3\mybatis-spring-boot-autoconfigure-3.0.3.jar;F:\path\to\local\repo\org\mybatis\mybatis\3.5.14\mybatis-3.5.14.jar;F:\path\to\local\repo\org\mybatis\mybatis-spring\3.0.3\mybatis-spring-3.0.3.jar;F:\path\to\local\repo\org\springframework\boot\spring-boot-starter-test\3.4.3\spring-boot-starter-test-3.4.3.jar;F:\path\to\local\repo\org\springframework\boot\spring-boot-test\3.4.3\spring-boot-test-3.4.3.jar;F:\path\to\local\repo\org\springframework\boot\spring-boot-test-autoconfigure\3.4.3\spring-boot-test-autoconfigure-3.4.3.jar;F:\path\to\local\repo\com\jayway\jsonpath\json-path\2.9.0\json-path-2.9.0.jar;F:\path\to\local\repo\jakarta\xml\bind\jakarta.xml.bind-api\4.0.2\jakarta.xml.bind-api-4.0.2.jar;F:\path\to\local\repo\jakarta\activation\jakarta.activation-api\2.1.3\jakarta.activation-api-2.1.3.jar;F:\path\to\local\repo\net\minidev\json-smart\2.5.2\json-smart-2.5.2.jar;F:\path\to\local\repo\net\minidev\accessors-smart\2.5.2\accessors-smart-2.5.2.jar;F:\path\to\local\repo\org\assertj\assertj-core\3.26.3\assertj-core-3.26.3.jar;F:\path\to\local\repo\net\bytebuddy\byte-buddy\1.15.11\byte-buddy-1.15.11.jar;F:\path\to\local\repo\org\awaitility\awaitility\4.2.2\awaitility-4.2.2.jar;F:\path\to\local\repo\org\hamcrest\hamcrest\2.2\hamcrest-2.2.jar;F:\path\to\local\repo\org\junit\jupiter\junit-jupiter\5.11.4\junit-jupiter-5.11.4.jar;F:\path\to\local\repo\org\junit\jupiter\junit-jupiter-api\5.11.4\junit-jupiter-api-5.11.4.jar;F:\path\to\local\repo\org\opentest4j\opentest4j\1.3.0\opentest4j-1.3.0.jar;F:\path\to\local\repo\org\junit\platform\junit-platform-commons\1.11.4\junit-platform-commons-1.11.4.jar;F:\path\to\local\repo\org\apiguardian\apiguardian-api\1.1.2\apiguardian-api-1.1.2.jar;F:\path\to\local\repo\org\junit\jupiter\junit-jupiter-params\5.11.4\junit-jupiter-params-5.11.4.jar;F:\path\to\local\repo\org\junit\jupiter\junit-jupiter-engine\5.11.4\junit-jupiter-engine-5.11.4.jar;F:\path\to\local\repo\org\junit\platform\junit-platform-engine\1.11.4\junit-platform-engine-1.11.4.jar;F:\path\to\local\repo\org\mockito\mockito-core\5.14.2\mockito-core-5.14.2.jar;F:\path\to\local\repo\net\bytebuddy\byte-buddy-agent\1.15.11\byte-buddy-agent-1.15.11.jar;F:\path\to\local\repo\org\objenesis\objenesis\3.3\objenesis-3.3.jar;F:\path\to\local\repo\org\mockito\mockito-junit-jupiter\5.14.2\mockito-junit-jupiter-5.14.2.jar;F:\path\to\local\repo\org\skyscreamer\jsonassert\1.5.3\jsonassert-1.5.3.jar;F:\path\to\local\repo\com\vaadin\external\google\android-json\0.0.20131108.vaadin1\android-json-0.0.20131108.vaadin1.jar;F:\path\to\local\repo\org\springframework\spring-core\6.2.3\spring-core-6.2.3.jar;F:\path\to\local\repo\org\springframework\spring-jcl\6.2.3\spring-jcl-6.2.3.jar;F:\path\to\local\repo\org\springframework\spring-test\6.2.3\spring-test-6.2.3.jar;F:\path\to\local\repo\org\xmlunit\xmlunit-core\2.10.0\xmlunit-core-2.10.0.jar;F:\path\to\local\repo\org\springframework\ai\spring-ai-starter-vector-store-redis\1.0.0\spring-ai-starter-vector-store-redis-1.0.0.jar;F:\path\to\local\repo\org\springframework\ai\spring-ai-autoconfigure-vector-store-redis\1.0.0\spring-ai-autoconfigure-vector-store-redis-1.0.0.jar;F:\path\to\local\repo\org\springframework\ai\spring-ai-autoconfigure-vector-store-observation\1.0.0\spring-ai-autoconfigure-vector-store-observation-1.0.0.jar;F:\path\to\local\repo\org\springframework\ai\spring-ai-redis-store\1.0.0\spring-ai-redis-store-1.0.0.jar;F:\path\to\local\repo\org\springframework\data\spring-data-redis\3.4.3\spring-data-redis-3.4.3.jar;F:\path\to\local\repo\org\springframework\data\spring-data-keyvalue\3.4.3\spring-data-keyvalue-3.4.3.jar;F:\path\to\local\repo\org\springframework\data\spring-data-commons\3.4.3\spring-data-commons-3.4.3.jar;F:\path\to\local\repo\org\springframework\spring-oxm\6.2.3\spring-oxm-6.2.3.jar;F:\path\to\local\repo\org\springframework\spring-context-support\6.2.3\spring-context-support-6.2.3.jar;F:\path\to\local\repo\redis\clients\jedis\5.2.0\jedis-5.2.0.jar;F:\path\to\local\repo\org\slf4j\slf4j-api\2.0.16\slf4j-api-2.0.16.jar;F:\path\to\local\repo\org\apache\commons\commons-pool2\2.12.1\commons-pool2-2.12.1.jar;F:\path\to\local\repo\org\json\json\20240303\json-20240303.jar;F:\path\to\local\repo\com\google\code\gson\gson\2.11.0\gson-2.11.0.jar;F:\path\to\local\repo\com\google\errorprone\error_prone_annotations\2.27.0\error_prone_annotations-2.27.0.jar;F:\path\to\local\repo\org\springframework\ai\spring-ai-advisors-vector-store\1.0.0\spring-ai-advisors-vector-store-1.0.0.jar;F:\path\to\local\repo\org\springframework\ai\spring-ai-client-chat\1.0.0\spring-ai-client-chat-1.0.0.jar;F:\path\to\local\repo\com\fasterxml\jackson\module\jackson-module-jsonSchema\2.18.2\jackson-module-jsonSchema-2.18.2.jar;F:\path\to\local\repo\javax\validation\validation-api\1.1.0.Final\validation-api-1.1.0.Final.jar;F:\path\to\local\repo\io\swagger\core\v3\swagger-annotations\2.2.25\swagger-annotations-2.2.25.jar;F:\path\to\local\repo\com\github\victools\jsonschema-module-swagger-2\4.37.0\jsonschema-module-swagger-2-4.37.0.jar;F:\path\to\local\repo\io\projectreactor\reactor-core\3.7.3\reactor-core-3.7.3.jar;F:\path\to\local\repo\org\reactivestreams\reactive-streams\1.0.4\reactive-streams-1.0.4.jar;F:\path\to\local\repo\com\knuddels\jtokkit\1.1.0\jtokkit-1.1.0.jar;F:\path\to\local\repo\com\github\victools\jsonschema-generator\4.37.0\jsonschema-generator-4.37.0.jar;F:\path\to\local\repo\org\springframework\ai\spring-ai-vector-store\1.0.0\spring-ai-vector-store-1.0.0.jar;F:\path\to\local\repo\org\springframework\ai\spring-ai-tika-document-reader\1.0.0\spring-ai-tika-document-reader-1.0.0.jar;F:\path\to\local\repo\org\springframework\ai\spring-ai-commons\1.0.0\spring-ai-commons-1.0.0.jar;F:\path\to\local\repo\io\micrometer\micrometer-core\1.14.4\micrometer-core-1.14.4.jar;F:\path\to\local\repo\org\hdrhistogram\HdrHistogram\2.2.2\HdrHistogram-2.2.2.jar;F:\path\to\local\repo\org\latencyutils\LatencyUtils\2.0.3\LatencyUtils-2.0.3.jar;F:\path\to\local\repo\io\micrometer\context-propagation\1.1.2\context-propagation-1.1.2.jar;F:\path\to\local\repo\org\springframework\boot\spring-boot-starter-validation\3.4.3\spring-boot-starter-validation-3.4.3.jar;F:\path\to\local\repo\org\apache\tomcat\embed\tomcat-embed-el\10.1.36\tomcat-embed-el-10.1.36.jar;F:\path\to\local\repo\org\hibernate\validator\hibernate-validator\8.0.2.Final\hibernate-validator-8.0.2.Final.jar;F:\path\to\local\repo\jakarta\validation\jakarta.validation-api\3.0.2\jakarta.validation-api-3.0.2.jar;F:\path\to\local\repo\org\jboss\logging\jboss-logging\3.6.1.Final\jboss-logging-3.6.1.Final.jar;F:\path\to\local\repo\com\fasterxml\classmate\1.7.0\classmate-1.7.0.jar;F:\path\to\local\repo\com\fasterxml\jackson\core\jackson-databind\2.18.2\jackson-databind-2.18.2.jar;F:\path\to\local\repo\com\fasterxml\jackson\core\jackson-annotations\2.18.2\jackson-annotations-2.18.2.jar;F:\path\to\local\repo\com\fasterxml\jackson\core\jackson-core\2.18.2\jackson-core-2.18.2.jar;F:\path\to\local\repo\com\alibaba\fastjson2\fastjson2\2.0.43\fastjson2-2.0.43.jar;F:\path\to\local\repo\org\apache\tika\tika-core\2.9.2\tika-core-2.9.2.jar;F:\path\to\local\repo\commons-io\commons-io\2.15.1\commons-io-2.15.1.jar;F:\path\to\local\repo\org\apache\tika\tika-parsers-standard-package\2.9.2\tika-parsers-standard-package-2.9.2.jar;F:\path\to\local\repo\org\apache\tika\tika-parser-apple-module\2.9.2\tika-parser-apple-module-2.9.2.jar;F:\path\to\local\repo\org\apache\tika\tika-parser-zip-commons\2.9.2\tika-parser-zip-commons-2.9.2.jar;F:\path\to\local\repo\com\googlecode\plist\dd-plist\1.28\dd-plist-1.28.jar;F:\path\to\local\repo\org\apache\tika\tika-parser-audiovideo-module\2.9.2\tika-parser-audiovideo-module-2.9.2.jar;F:\path\to\local\repo\com\drewnoakes\metadata-extractor\2.19.0\metadata-extractor-2.19.0.jar;F:\path\to\local\repo\com\adobe\xmp\xmpcore\6.1.11\xmpcore-6.1.11.jar;F:\path\to\local\repo\org\apache\tika\tika-parser-cad-module\2.9.2\tika-parser-cad-module-2.9.2.jar;F:\path\to\local\repo\org\apache\tika\tika-parser-code-module\2.9.2\tika-parser-code-module-2.9.2.jar;F:\path\to\local\repo\org\codelibs\jhighlight\1.1.0\jhighlight-1.1.0.jar;F:\path\to\local\repo\org\ccil\cowan\tagsoup\tagsoup\1.2.1\tagsoup-1.2.1.jar;F:\path\to\local\repo\org\ow2\asm\asm\9.7\asm-9.7.jar;F:\path\to\local\repo\com\epam\parso\2.0.14\parso-2.0.14.jar;F:\path\to\local\repo\org\tallison\jmatio\1.5\jmatio-1.5.jar;F:\path\to\local\repo\org\apache\tika\tika-parser-crypto-module\2.9.2\tika-parser-crypto-module-2.9.2.jar;F:\path\to\local\repo\org\bouncycastle\bcmail-jdk18on\1.77\bcmail-jdk18on-1.77.jar;F:\path\to\local\repo\org\bouncycastle\bcutil-jdk18on\1.77\bcutil-jdk18on-1.77.jar;F:\path\to\local\repo\org\bouncycastle\bcpkix-jdk18on\1.77\bcpkix-jdk18on-1.77.jar;F:\path\to\local\repo\org\bouncycastle\bcprov-jdk18on\1.77\bcprov-jdk18on-1.77.jar;F:\path\to\local\repo\org\apache\tika\tika-parser-digest-commons\2.9.2\tika-parser-digest-commons-2.9.2.jar;F:\path\to\local\repo\commons-codec\commons-codec\1.17.2\commons-codec-1.17.2.jar;F:\path\to\local\repo\org\apache\tika\tika-parser-font-module\2.9.2\tika-parser-font-module-2.9.2.jar;F:\path\to\local\repo\org\apache\pdfbox\fontbox\2.0.31\fontbox-2.0.31.jar;F:\path\to\local\repo\org\apache\tika\tika-parser-html-module\2.9.2\tika-parser-html-module-2.9.2.jar;F:\path\to\local\repo\org\apache\tika\tika-parser-image-module\2.9.2\tika-parser-image-module-2.9.2.jar;F:\path\to\local\repo\com\github\jai-imageio\jai-imageio-core\1.4.0\jai-imageio-core-1.4.0.jar;F:\path\to\local\repo\org\apache\pdfbox\jbig2-imageio\3.0.4\jbig2-imageio-3.0.4.jar;F:\path\to\local\repo\org\apache\tika\tika-parser-mail-module\2.9.2\tika-parser-mail-module-2.9.2.jar;F:\path\to\local\repo\org\apache\tika\tika-parser-mail-commons\2.9.2\tika-parser-mail-commons-2.9.2.jar;F:\path\to\local\repo\org\apache\james\apache-mime4j-core\0.8.11\apache-mime4j-core-0.8.11.jar;F:\path\to\local\repo\org\apache\james\apache-mime4j-dom\0.8.11\apache-mime4j-dom-0.8.11.jar;F:\path\to\local\repo\org\apache\tika\tika-parser-microsoft-module\2.9.2\tika-parser-microsoft-module-2.9.2.jar;F:\path\to\local\repo\com\pff\java-libpst\0.9.3\java-libpst-0.9.3.jar;F:\path\to\local\repo\org\apache\commons\commons-lang3\3.17.0\commons-lang3-3.17.0.jar;F:\path\to\local\repo\org\apache\poi\poi\5.2.5\poi-5.2.5.jar;F:\path\to\local\repo\org\apache\commons\commons-math3\3.6.1\commons-math3-3.6.1.jar;F:\path\to\local\repo\com\zaxxer\SparseBitSet\1.3\SparseBitSet-1.3.jar;F:\path\to\local\repo\org\apache\logging\log4j\log4j-api\2.24.3\log4j-api-2.24.3.jar;F:\path\to\local\repo\org\apache\poi\poi-scratchpad\5.2.5\poi-scratchpad-5.2.5.jar;F:\path\to\local\repo\org\apache\poi\poi-ooxml\5.2.5\poi-ooxml-5.2.5.jar;F:\path\to\local\repo\org\apache\poi\poi-ooxml-lite\5.2.5\poi-ooxml-lite-5.2.5.jar;F:\path\to\local\repo\org\apache\xmlbeans\xmlbeans\5.2.0\xmlbeans-5.2.0.jar;F:\path\to\local\repo\com\github\virtuald\curvesapi\1.08\curvesapi-1.08.jar;F:\path\to\local\repo\commons-logging\commons-logging\1.3.1\commons-logging-1.3.1.jar;F:\path\to\local\repo\com\healthmarketscience\jackcess\jackcess\4.0.5\jackcess-4.0.5.jar;F:\path\to\local\repo\com\healthmarketscience\jackcess\jackcess-encrypt\4.0.2\jackcess-encrypt-4.0.2.jar;F:\path\to\local\repo\org\slf4j\jcl-over-slf4j\2.0.16\jcl-over-slf4j-2.0.16.jar;F:\path\to\local\repo\org\apache\tika\tika-parser-miscoffice-module\2.9.2\tika-parser-miscoffice-module-2.9.2.jar;F:\path\to\local\repo\org\apache\commons\commons-collections4\4.4\commons-collections4-4.4.jar;F:\path\to\local\repo\org\glassfish\jaxb\jaxb-runtime\4.0.5\jaxb-runtime-4.0.5.jar;F:\path\to\local\repo\org\glassfish\jaxb\jaxb-core\4.0.5\jaxb-core-4.0.5.jar;F:\path\to\local\repo\org\eclipse\angus\angus-activation\2.0.2\angus-activation-2.0.2.jar;F:\path\to\local\repo\org\glassfish\jaxb\txw2\4.0.5\txw2-4.0.5.jar;F:\path\to\local\repo\com\sun\istack\istack-commons-runtime\4.1.2\istack-commons-runtime-4.1.2.jar;F:\path\to\local\repo\org\apache\tika\tika-parser-news-module\2.9.2\tika-parser-news-module-2.9.2.jar;F:\path\to\local\repo\com\rometools\rome\2.1.0\rome-2.1.0.jar;F:\path\to\local\repo\com\rometools\rome-utils\2.1.0\rome-utils-2.1.0.jar;F:\path\to\local\repo\org\jdom\jdom2\2.0.6.1\jdom2-2.0.6.1.jar;F:\path\to\local\repo\org\apache\tika\tika-parser-ocr-module\2.9.2\tika-parser-ocr-module-2.9.2.jar;F:\path\to\local\repo\org\apache\commons\commons-exec\1.4.0\commons-exec-1.4.0.jar;F:\path\to\local\repo\org\apache\tika\tika-parser-pdf-module\2.9.2\tika-parser-pdf-module-2.9.2.jar;F:\path\to\local\repo\org\apache\pdfbox\pdfbox\2.0.31\pdfbox-2.0.31.jar;F:\path\to\local\repo\org\apache\pdfbox\pdfbox-tools\2.0.31\pdfbox-tools-2.0.31.jar;F:\path\to\local\repo\org\apache\pdfbox\jempbox\1.8.17\jempbox-1.8.17.jar;F:\path\to\local\repo\org\apache\tika\tika-parser-pkg-module\2.9.2\tika-parser-pkg-module-2.9.2.jar;F:\path\to\local\repo\org\tukaani\xz\1.9\xz-1.9.jar;F:\path\to\local\repo\org\brotli\dec\0.1.2\dec-0.1.2.jar;F:\path\to\local\repo\com\github\junrar\junrar\7.5.5\junrar-7.5.5.jar;F:\path\to\local\repo\org\apache\tika\tika-parser-text-module\2.9.2\tika-parser-text-module-2.9.2.jar;F:\path\to\local\repo\com\github\albfernandez\juniversalchardet\2.4.0\juniversalchardet-2.4.0.jar;F:\path\to\local\repo\org\apache\commons\commons-csv\1.10.0\commons-csv-1.10.0.jar;F:\path\to\local\repo\org\apache\tika\tika-parser-webarchive-module\2.9.2\tika-parser-webarchive-module-2.9.2.jar;F:\path\to\local\repo\org\netpreserve\jwarc\0.29.0\jwarc-0.29.0.jar;F:\path\to\local\repo\org\apache\commons\commons-compress\1.26.1\commons-compress-1.26.1.jar;F:\path\to\local\repo\org\apache\tika\tika-parser-xml-module\2.9.2\tika-parser-xml-module-2.9.2.jar;F:\path\to\local\repo\xerces\xercesImpl\2.12.2\xercesImpl-2.12.2.jar;F:\path\to\local\repo\xml-apis\xml-apis\1.4.01\xml-apis-1.4.01.jar;F:\path\to\local\repo\org\apache\tika\tika-parser-xmp-commons\2.9.2\tika-parser-xmp-commons-2.9.2.jar;F:\path\to\local\repo\org\apache\pdfbox\xmpbox\2.0.31\xmpbox-2.0.31.jar;F:\path\to\local\repo\org\gagravarr\vorbis-java-tika\0.8\vorbis-java-tika-0.8.jar;F:\path\to\local\repo\org\gagravarr\vorbis-java-core\0.8\vorbis-java-core-0.8.jar;F:\path\to\local\repo\com\alibaba\cloud\ai\spring-ai-alibaba-starter-dashscope\1.0.0.1\spring-ai-alibaba-starter-dashscope-1.0.0.1.jar;F:\path\to\local\repo\com\alibaba\cloud\ai\spring-ai-alibaba-autoconfigure-dashscope\1.0.0.1\spring-ai-alibaba-autoconfigure-dashscope-1.0.0.1.jar;F:\path\to\local\repo\com\alibaba\cloud\ai\spring-ai-alibaba-core\1.0.0.1\spring-ai-alibaba-core-1.0.0.1.jar;F:\path\to\local\repo\org\springframework\ai\spring-ai-rag\1.0.0\spring-ai-rag-1.0.0.jar;F:\path\to\local\repo\org\springframework\ai\spring-ai-retry\1.0.0\spring-ai-retry-1.0.0.jar;F:\path\to\local\repo\org\springframework\retry\spring-retry\2.0.11\spring-retry-2.0.11.jar;F:\path\to\local\repo\org\springframework\spring-webflux\6.2.3\spring-webflux-6.2.3.jar;F:\path\to\local\repo\com\alibaba\nacos\nacos-client-mse-extension\1.0.4\nacos-client-mse-extension-1.0.4.jar;F:\path\to\local\repo\com\aliyun\aliyun-java-sdk-core\4.5.17\aliyun-java-sdk-core-4.5.17.jar;F:\path\to\local\repo\org\apache\httpcomponents\httpclient\4.5.13\httpclient-4.5.13.jar;F:\path\to\local\repo\org\apache\httpcomponents\httpcore\4.4.16\httpcore-4.4.16.jar;F:\path\to\local\repo\javax\xml\bind\jaxb-api\2.3.1\jaxb-api-2.3.1.jar;F:\path\to\local\repo\javax\activation\javax.activation-api\1.2.0\javax.activation-api-1.2.0.jar;F:\path\to\local\repo\org\jacoco\org.jacoco.agent\0.8.6\org.jacoco.agent-0.8.6-runtime.jar;F:\path\to\local\repo\org\ini4j\ini4j\0.5.4\ini4j-0.5.4.jar;F:\path\to\local\repo\io\opentracing\opentracing-api\0.33.0\opentracing-api-0.33.0.jar;F:\path\to\local\repo\io\opentracing\opentracing-util\0.33.0\opentracing-util-0.33.0.jar;F:\path\to\local\repo\io\opentracing\opentracing-noop\0.33.0\opentracing-noop-0.33.0.jar;F:\path\to\local\repo\com\aliyun\aliyun-java-sdk-kms\2.16.3\aliyun-java-sdk-kms-2.16.3.jar;F:\path\to\local\repo\com\aliyun\kms\kms-transfer-client\0.1.0\kms-transfer-client-0.1.0.jar;F:\path\to\local\repo\com\aliyun\alibabacloud-dkms-gcs-sdk\0.2.8\alibabacloud-dkms-gcs-sdk-0.2.8.jar;F:\path\to\local\repo\com\aliyun\tea-util\0.2.7\tea-util-0.2.7.jar;F:\path\to\local\repo\com\aliyun\tea\1.2.3\tea-1.2.3.jar;F:\path\to\local\repo\com\aliyun\alibabacloud-dkms-gcs-openapi-util\0.2.8\alibabacloud-dkms-gcs-openapi-util-0.2.8.jar;F:\path\to\local\repo\com\aliyun\alibabacloud-dkms-gcs-openapi-credential\0.2.8\alibabacloud-dkms-gcs-openapi-credential-0.2.8.jar;F:\path\to\local\repo\com\aliyun\alibabacloud-dkms-gcs-openapi\0.2.8\alibabacloud-dkms-gcs-openapi-0.2.8.jar;F:\path\to\local\repo\com\google\protobuf\protobuf-java-util\4.0.0-rc-2\protobuf-java-util-4.0.0-rc-2.jar;F:\path\to\local\repo\com\google\guava\guava\29.0-android\guava-29.0-android.jar;F:\path\to\local\repo\com\google\guava\failureaccess\1.0.1\failureaccess-1.0.1.jar;F:\path\to\local\repo\com\google\guava\listenablefuture\9999.0-empty-to-avoid-conflict-with-guava\listenablefuture-9999.0-empty-to-avoid-conflict-with-guava.jar;F:\path\to\local\repo\com\google\code\findbugs\jsr305\3.0.2\jsr305-3.0.2.jar;F:\path\to\local\repo\org\checkerframework\checker-compat-qual\2.5.5\checker-compat-qual-2.5.5.jar;F:\path\to\local\repo\com\google\j2objc\j2objc-annotations\1.3\j2objc-annotations-1.3.jar;F:\path\to\local\repo\org\bouncycastle\bcprov-jdk15on\1.70\bcprov-jdk15on-1.70.jar;F:\path\to\local\repo\com\alibaba\cloud\spring-alibaba-nacos-config\2023.0.1.3\spring-alibaba-nacos-config-2023.0.1.3.jar;F:\path\to\local\repo\com\alibaba\nacos\nacos-client\2.4.2\nacos-client-2.4.2.jar;F:\path\to\local\repo\com\alibaba\nacos\nacos-auth-plugin\2.4.2\nacos-auth-plugin-2.4.2.jar;F:\path\to\local\repo\com\alibaba\nacos\nacos-encryption-plugin\2.4.2\nacos-encryption-plugin-2.4.2.jar;F:\path\to\local\repo\com\alibaba\nacos\nacos-logback-adapter-12\2.4.2\nacos-logback-adapter-12-2.4.2.jar;F:\path\to\local\repo\com\alibaba\nacos\logback-adapter\1.1.3\logback-adapter-1.1.3.jar;F:\path\to\local\repo\com\alibaba\nacos\nacos-log4j2-adapter\2.4.2\nacos-log4j2-adapter-2.4.2.jar;F:\path\to\local\repo\org\apache\httpcomponents\httpasyncclient\4.1.5\httpasyncclient-4.1.5.jar;F:\path\to\local\repo\org\apache\httpcomponents\httpcore-nio\4.4.16\httpcore-nio-4.4.16.jar;F:\path\to\local\repo\io\prometheus\simpleclient\0.16.0\simpleclient-0.16.0.jar;F:\path\to\local\repo\io\prometheus\simpleclient_tracer_otel\0.16.0\simpleclient_tracer_otel-0.16.0.jar;F:\path\to\local\repo\io\prometheus\simpleclient_tracer_common\0.16.0\simpleclient_tracer_common-0.16.0.jar;F:\path\to\local\repo\io\prometheus\simpleclient_tracer_otel_agent\0.16.0\simpleclient_tracer_otel_agent-0.16.0.jar;F:\path\to\local\repo\com\squareup\okhttp3\okhttp\4.12.0\okhttp-4.12.0.jar;F:\path\to\local\repo\com\squareup\okio\okio\3.6.0\okio-3.6.0.jar;F:\path\to\local\repo\com\squareup\okio\okio-jvm\3.6.0\okio-jvm-3.6.0.jar;F:\path\to\local\repo\org\jetbrains\kotlin\kotlin-stdlib-common\1.9.25\kotlin-stdlib-common-1.9.25.jar;F:\path\to\local\repo\org\jetbrains\kotlin\kotlin-stdlib-jdk8\1.9.25\kotlin-stdlib-jdk8-1.9.25.jar;F:\path\to\local\repo\org\jetbrains\kotlin\kotlin-stdlib\1.9.25\kotlin-stdlib-1.9.25.jar;F:\path\to\local\repo\org\jetbrains\annotations\13.0\annotations-13.0.jar;F:\path\to\local\repo\org\jetbrains\kotlin\kotlin-stdlib-jdk7\1.9.25\kotlin-stdlib-jdk7-1.9.25.jar;F:\path\to\local\repo\com\squareup\okhttp3\logging-interceptor\4.12.0\logging-interceptor-4.12.0.jar;F:\path\to\local\repo\org\apache\opennlp\opennlp-tools\2.3.3\opennlp-tools-2.3.3.jar;F:\path\to\local\repo\org\springframework\ai\spring-ai-autoconfigure-retry\1.0.0\spring-ai-autoconfigure-retry-1.0.0.jar;F:\path\to\local\repo\org\springframework\ai\spring-ai-autoconfigure-model-tool\1.0.0\spring-ai-autoconfigure-model-tool-1.0.0.jar;F:\path\to\local\repo\org\springframework\ai\spring-ai-autoconfigure-model-chat-client\1.0.0\spring-ai-autoconfigure-model-chat-client-1.0.0.jar;F:\path\to\local\repo\com\baomidou\mybatis-plus-spring-boot3-starter\3.5.5\mybatis-plus-spring-boot3-starter-3.5.5.jar;F:\path\to\local\repo\com\baomidou\mybatis-plus\3.5.5\mybatis-plus-3.5.5.jar;F:\path\to\local\repo\com\baomidou\mybatis-plus-core\3.5.5\mybatis-plus-core-3.5.5.jar;F:\path\to\local\repo\com\baomidou\mybatis-plus-annotation\3.5.5\mybatis-plus-annotation-3.5.5.jar;F:\path\to\local\repo\com\baomidou\mybatis-plus-extension\3.5.5\mybatis-plus-extension-3.5.5.jar;F:\path\to\local\repo\com\github\jsqlparser\jsqlparser\4.6\jsqlparser-4.6.jar;F:\path\to\local\repo\com\baomidou\mybatis-plus-spring-boot-autoconfigure\3.5.5\mybatis-plus-spring-boot-autoconfigure-3.5.5.jar;F:\path\to\local\repo\org\springframework\boot\spring-boot-autoconfigure\3.4.3\spring-boot-autoconfigure-3.4.3.jar;"/>
    <property name="sun.cpu.endian" value="little"/>
    <property name="user.home" value="C:\Users\woixu"/>
    <property name="user.language" value="zh"/>
    <property name="java.specification.vendor" value="Oracle Corporation"/>
    <property name="java.version.date" value="2025-01-21"/>
    <property name="java.home" value="C:\Program Files\Java\jdk-21"/>
    <property name="file.separator" value="\"/>
    <property name="basedir" value="F:\java\java\project-example\boot-mcp-server"/>
    <property name="java.vm.compressedOopsMode" value="Zero based"/>
    <property name="line.separator" value="&#10;"/>
    <property name="java.vm.specification.vendor" value="Oracle Corporation"/>
    <property name="java.specification.name" value="Java Platform API Specification"/>
    <property name="FILE_LOG_CHARSET" value="UTF-8"/>
    <property name="java.awt.headless" value="true"/>
    <property name="surefire.real.class.path" value="C:\Users\woixu\AppData\Local\Temp\surefire4988332932550981864\surefirebooter-20250702151750465_3.jar"/>
    <property name="user.script" value=""/>
    <property name="sun.management.compiler" value="HotSpot 64-Bit Tiered Compilers"/>
    <property name="java.runtime.version" value="21.0.6+8-LTS-188"/>
    <property name="user.name" value="woixu"/>
    <property name="stdout.encoding" value="GBK"/>
    <property name="path.separator" value=";"/>
    <property name="os.version" value="10.0"/>
    <property name="java.runtime.name" value="Java(TM) SE Runtime Environment"/>
    <property name="file.encoding" value="UTF-8"/>
    <property name="java.vm.name" value="Java HotSpot(TM) 64-Bit Server VM"/>
    <property name="localRepository" value="F:\path\to\local\repo"/>
    <property name="java.vendor.url.bug" value="https://bugreport.java.com/bugreport/"/>
    <property name="java.io.tmpdir" value="C:\Users\woixu\AppData\Local\Temp\"/>
    <property name="java.version" value="21.0.6"/>
    <property name="user.dir" value="F:\java\java\project-example\boot-mcp-server"/>
    <property name="os.arch" value="amd64"/>
    <property name="java.vm.specification.name" value="Java Virtual Machine Specification"/>
    <property name="PID" value="22680"/>
    <property name="sun.os.patch.level" value=""/>
    <property name="CONSOLE_LOG_CHARSET" value="UTF-8"/>
    <property name="native.encoding" value="GBK"/>
    <property name="java.library.path" value="C:\Program Files\Java\jdk-21\bin;C:\Windows\Sun\Java\bin;C:\Windows\system32;C:\Windows;F:\develop\Scripts\;F:\develop\;G:\VMware\VMware Workstation\bin\;C:\Windows\system32;C:\Windows;C:\Windows\System32\Wbem;C:\Windows\System32\WindowsPowerShell\v1.0\;C:\Windows\System32\OpenSSH\;E:\Windows Kits\10\Windows Performance Toolkit\;C:\Program Files\Java\jdk-21\bin;C:\Program Files\Common Files\Oracle\Java\javapath;E:\MATLAB\R2024b\runtime\win64;E:\MATLAB\R2024b\bin;F:\develop\apache-maven-3.9.9\bin;C:\Program Files\MySQL\MySQL Server 8.0\bin;F:\develop\apache-tomcat-9.0.95-windows-x64\apache-tomcat-9.0.95\bin;F:\develop\nodejs;F:\develop\nodejs\node_global;F:\develop\node_js\;F:\develop\nodejs;F:\develop\nodejs\node_global;F:\develop\nodejs\node_cache;E:\Git\cmd;C:\Program Files (x86)\Microsoft SQL Server\160\Tools\Binn\;C:\Program Files\Microsoft SQL Server\160\Tools\Binn\;C:\Program Files\Microsoft SQL Server\Client SDK\ODBC\170\Tools\Binn\;C:\Program Files\Microsoft SQL Server\160\DTS\Binn\;C:\Program Files (x86)\Microsoft SQL Server\160\DTS\Binn\;E:\微信web开发者工具\dll;E:\Gpg4win\..\GnuPG\bin;;e:\cursor\resources\app\bin;e:\cursor\resources\app\bin;C:\Program Files\Docker\Docker\resources\bin;C:\Users\woixu\AppData\Local\Microsoft\WindowsApps;E:\develop\DataGrip 2024.1\bin;;E:\develop\PyCharm 2024.1\bin;;E:\develop\IntelliJ IDEA 2024.1\bin;;E:\Microsoft VS Code\bin;F:\develop\python3.12;F:\develop\python3.12\Scripts;F:\develop\nodejs\node_global;E:\cursor\resources\app\bin;."/>
    <property name="java.vm.info" value="mixed mode, sharing"/>
    <property name="stderr.encoding" value="GBK"/>
    <property name="java.vendor" value="Oracle Corporation"/>
    <property name="java.vm.version" value="21.0.6+8-LTS-188"/>
    <property name="sun.io.unicode.encoding" value="UnicodeLittle"/>
    <property name="java.class.version" value="65.0"/>
    <property name="LOGGED_APPLICATION_NAME" value="[knowledge-base] "/>
  </properties>
  <testcase name="contextLoads" classname="com.mcpserver.BootMcpServerApplicationTests" time="0.652">
    <system-out><![CDATA[15:17:51.313 [main] INFO org.springframework.test.context.support.AnnotationConfigContextLoaderUtils -- Could not detect default configuration classes for test class [com.mcpserver.BootMcpServerApplicationTests]: BootMcpServerApplicationTests does not declare any static, non-private, non-final, nested classes annotated with @Configuration.
15:17:51.421 [main] INFO org.springframework.boot.test.context.SpringBootTestContextBootstrapper -- Found @SpringBootConfiguration com.mcpserver.BootMcpServerApplication for test class com.mcpserver.BootMcpServerApplicationTests
2025-07-02T15:17:51.807+08:00  INFO 22680 --- [knowledge-base] [           main] c.a.nacos.client.logging.NacosLogging    : Nacos Logging Adapter Builder: com.alibaba.nacos.logger.adapter.logback12.LogbackNacosLoggingAdapterBuilder
2025-07-02T15:17:51.816+08:00  INFO 22680 --- [knowledge-base] [           main] c.a.nacos.client.logging.NacosLogging    : Nacos Logging Adapter Builder: com.alibaba.nacos.logger.adapter.logback14.LogbackNacosLoggingAdapterBuilder
2025-07-02T15:17:51.817+08:00  INFO 22680 --- [knowledge-base] [           main] c.a.nacos.client.logging.NacosLogging    : Nacos Logging Adapter: com.alibaba.nacos.logger.adapter.logback14.LogbackNacosLoggingAdapter match ch.qos.logback.classic.Logger success.
2025-07-02T15:17:51.824+08:00  INFO 22680 --- [knowledge-base] [           main] c.a.nacos.client.logging.NacosLogging    : Nacos Logging Adapter Builder: com.alibaba.nacos.logger.adapter.log4j2.Log4j2NacosLoggingAdapterBuilder

  .   ____          _            __ _ _
 /\\ / ___'_ __ _ _(_)_ __  __ _ \ \ \ \
( ( )\___ | '_ | '_| | '_ \/ _` | \ \ \ \
 \\/  ___)| |_)| | | | | || (_| |  ) ) ) )
  '  |____| .__|_| |_|_| |_\__, | / / / /
 =========|_|==============|___/=/_/_/_/

 :: Spring Boot ::                (v3.4.3)

2025-07-02T15:17:52.022+08:00  WARN 22680 --- [knowledge-base] [           main] ory$DuplicateJsonObjectContextCustomizer : 

Found multiple occurrences of org.json.JSONObject on the class path:

	jar:file:/F:/path/to/local/repo/com/vaadin/external/google/android-json/0.0.20131108.vaadin1/android-json-0.0.20131108.vaadin1.jar!/org/json/JSONObject.class
	jar:file:/F:/path/to/local/repo/org/json/json/20240303/json-20240303.jar!/org/json/JSONObject.class

You may wish to exclude one of them to ensure predictable runtime behavior

2025-07-02T15:17:52.058+08:00  INFO 22680 --- [knowledge-base] [           main] c.m.BootMcpServerApplicationTests        : Starting BootMcpServerApplicationTests using Java 21.0.6 with PID 22680 (started by woixu in F:\java\java\project-example\boot-mcp-server)
2025-07-02T15:17:52.060+08:00  INFO 22680 --- [knowledge-base] [           main] c.m.BootMcpServerApplicationTests        : The following 2 profiles are active: "dev", "private"
2025-07-02T15:17:53.172+08:00  WARN 22680 --- [knowledge-base] [           main] trationDelegate$BeanPostProcessorChecker : Bean 'com.alibaba.cloud.nacos.NacosConfigAutoConfiguration' of type [com.alibaba.cloud.nacos.NacosConfigAutoConfiguration] is not eligible for getting processed by all BeanPostProcessors (for example: not eligible for auto-proxying). The currently created BeanPostProcessor [nacosAnnotationProcessor] is declared through a non-static factory method on that class; consider declaring it as static instead.
2025-07-02T15:17:53.182+08:00  WARN 22680 --- [knowledge-base] [           main] trationDelegate$BeanPostProcessorChecker : Bean 'nacosConfigProperties' of type [com.alibaba.cloud.nacos.NacosConfigProperties] is not eligible for getting processed by all BeanPostProcessors (for example: not eligible for auto-proxying). Is this bean getting eagerly injected/applied to a currently created BeanPostProcessor [nacosAnnotationProcessor]? Check the corresponding BeanPostProcessor declaration and its dependencies/advisors. If this bean does not have to be post-processed, declare it with ROLE_INFRASTRUCTURE.
2025-07-02T15:17:53.299+08:00  INFO 22680 --- [knowledge-base] [           main] c.a.n.p.a.s.c.ClientAuthPluginManager    : [ClientAuthPluginManager] Load ClientAuthService com.alibaba.nacos.client.auth.impl.NacosClientAuthServiceImpl success.
2025-07-02T15:17:53.299+08:00  INFO 22680 --- [knowledge-base] [           main] c.a.n.p.a.s.c.ClientAuthPluginManager    : [ClientAuthPluginManager] Load ClientAuthService com.alibaba.nacos.client.auth.ram.RamClientAuthServiceImpl success.
2025-07-02T15:17:53.301+08:00  WARN 22680 --- [knowledge-base] [           main] trationDelegate$BeanPostProcessorChecker : Bean 'nacosConfigManager' of type [com.alibaba.cloud.nacos.NacosConfigManager] is not eligible for getting processed by all BeanPostProcessors (for example: not eligible for auto-proxying). Is this bean getting eagerly injected/applied to a currently created BeanPostProcessor [nacosAnnotationProcessor]? Check the corresponding BeanPostProcessor declaration and its dependencies/advisors. If this bean does not have to be post-processed, declare it with ROLE_INFRASTRUCTURE.
 _ _   |_  _ _|_. ___ _ |    _ 
| | |\/|_)(_| | |_\  |_)||_|_\ 
     /               |         
                        3.5.5 
2025-07-02T15:17:56.343+08:00  INFO 22680 --- [knowledge-base] [           main] o.s.a.m.s.a.McpServerAutoConfiguration   : Enable tools capabilities, notification: true
2025-07-02T15:17:56.410+08:00  INFO 22680 --- [knowledge-base] [           main] o.s.a.m.s.a.McpServerAutoConfiguration   : Registered tools: 4
2025-07-02T15:17:56.410+08:00  INFO 22680 --- [knowledge-base] [           main] o.s.a.m.s.a.McpServerAutoConfiguration   : Enable resources capabilities, notification: true
2025-07-02T15:17:56.411+08:00  INFO 22680 --- [knowledge-base] [           main] o.s.a.m.s.a.McpServerAutoConfiguration   : Enable prompts capabilities, notification: true
2025-07-02T15:17:56.413+08:00  INFO 22680 --- [knowledge-base] [           main] o.s.a.m.s.a.McpServerAutoConfiguration   : Enable completions capabilities
2025-07-02T15:17:56.546+08:00  INFO 22680 --- [knowledge-base] [           main] c.m.BootMcpServerApplicationTests        : Started BootMcpServerApplicationTests in 4.987 seconds (process running for 5.977)
]]></system-out>
    <system-err><![CDATA[Mockito is currently self-attaching to enable the inline-mock-maker. This will no longer work in future releases of the JDK. Please add Mockito as an agent to your build what is described in Mockito's documentation: https://javadoc.io/doc/org.mockito/mockito-core/latest/org/mockito/Mockito.html#0.3
WARNING: A Java agent has been loaded dynamically (F:\path\to\local\repo\net\bytebuddy\byte-buddy-agent\1.15.11\byte-buddy-agent-1.15.11.jar)
WARNING: If a serviceability tool is in use, please run with -XX:+EnableDynamicAgentLoading to hide this warning
WARNING: If a serviceability tool is not in use, please run with -Djdk.instrument.traceUsage for more information
WARNING: Dynamic loading of agents will be disallowed by default in a future release
]]></system-err>
  </testcase>
</testsuite>